<?xml version="1.0" encoding="UTF-8"?>
<!-- Generated by org.testng.reporters.JUnitReportReporter -->
<testsuite hostname="DESKTOP-GLID6PM" failures="0" tests="6" name="api.test.DDTest" time="3.451" errors="0" timestamp="2024-11-20T22:36:35 GMT-05:00" skipped="0">
  <testcase classname="api.test.DDTest" name="testPostUser" time="0.273"/>
  <testcase classname="api.test.DDTest" name="testPostUser" time="0.435"/>
  <testcase classname="api.test.DDTest" name="testPostUser" time="1.810"/>
  <testcase classname="api.test.DDTest" name="testDeleteUserByName" time="0.242"/>
  <testcase classname="api.test.DDTest" name="testDeleteUserByName" time="0.318"/>
  <testcase classname="api.test.DDTest" name="testDeleteUserByName" time="0.373"/>
</testsuite> <!-- api.test.DDTest -->
