<?xml version="1.0" encoding="UTF-8"?>
<!-- Generated by org.testng.reporters.JUnitReportReporter -->
<testsuite hostname="DESKTOP-GLID6PM" failures="0" tests="4" name="api.test.UserTest" time="7.259" errors="0" timestamp="2024-11-28T14:35:18 GMT-05:00" skipped="0">
  <testcase classname="api.test.UserTest" name="testPostUser" time="5.966"/>
  <testcase classname="api.test.UserTest" name="testGetUserByName" time="0.420"/>
  <testcase classname="api.test.UserTest" name="testUpdateUserName" time="0.592"/>
  <testcase classname="api.test.UserTest" name="testDeleteUserByName" time="0.281"/>
</testsuite> <!-- api.test.UserTest -->
