<?xml version="1.0" encoding="UTF-8"?>
<!-- Generated by org.testng.reporters.JUnitReportReporter -->
<testsuite hostname="DESKTOP-GLID6PM" failures="0" tests="4" name="api.test.UserTest" time="2.562" errors="0" timestamp="2024-11-29T19:23:42 GMT-05:00" skipped="0">
  <testcase classname="api.test.UserTest" name="testPostUser" time="1.664"/>
  <testcase classname="api.test.UserTest" name="testGetUserByName" time="0.236"/>
  <testcase classname="api.test.UserTest" name="testUpdateUserName" time="0.442"/>
  <testcase classname="api.test.UserTest" name="testDeleteUserByName" time="0.220"/>
</testsuite> <!-- api.test.UserTest -->
